2026-01-27T07:00:09.485Z - POST /api/auth/login - Auth Header: undefined
2026-01-27T07:00:18.047Z - POST /api/auth/login - Auth Header: undefined
2026-01-27T07:00:18.087Z - GET /api/books - Auth Header: undefined
2026-01-27T07:00:18.092Z - GET /api/books - Auth Header: undefined
2026-01-27T07:00:21.097Z - GET /api/books - Auth Header: undefined
2026-01-27T07:01:06.178Z - POST /api/books - Auth Header: Bearer eyJhbGciOiJIUzI1NiIsInR5cCI6IkpXVCJ9.eyJ1c2VySWQiOiI2OTc4NGI3NWVhODVmZGVmMTQyNWMzYzkiLCJpYXQiOjE3Njk0OTcyMTgsImV4cCI6MTc3MDM2MTIxOH0.HnHIJPT3gD1Kihf5_3TJVdVO2jEmu3Qw4ltavxQZFSg
2026-01-27T07:01:10.847Z - GET /api/books - Auth Header: undefined
2026-01-27T07:01:16.885Z - GET /api/books - Auth Header: undefined
2026-01-27T07:01:16.893Z - GET /api/books - Auth Header: undefined
2026-01-27T07:01:22.989Z - GET /api/books - Auth Header: undefined
2026-01-27T07:01:22.995Z - GET /api/books - Auth Header: undefined
2026-01-27T07:01:25.802Z - GET /api/books - Auth Header: undefined
2026-01-27T07:03:01.800Z - POST /api/books - Auth Header: Bearer eyJhbGciOiJIUzI1NiIsInR5cCI6IkpXVCJ9.eyJ1c2VySWQiOiI2OTc4NGI3NWVhODVmZGVmMTQyNWMzYzkiLCJpYXQiOjE3Njk0OTcyMTgsImV4cCI6MTc3MDM2MTIxOH0.HnHIJPT3gD1Kihf5_3TJVdVO2jEmu3Qw4ltavxQZFSg
2026-01-27T07:03:05.398Z - GET /api/books - Auth Header: undefined
2026-01-27T07:03:35.656Z - DELETE /api/books/69786325b06a9effaf4982e0 - Auth Header: Bearer eyJhbGciOiJIUzI1NiIsInR5cCI6IkpXVCJ9.eyJ1c2VySWQiOiI2OTc4NGI3NWVhODVmZGVmMTQyNWMzYzkiLCJpYXQiOjE3Njk0OTcyMTgsImV4cCI6MTc3MDM2MTIxOH0.HnHIJPT3gD1Kihf5_3TJVdVO2jEmu3Qw4ltavxQZFSg
2026-01-27T07:03:35.689Z - GET /api/books - Auth Header: undefined
2026-01-27T07:04:11.431Z - POST /api/books - Auth Header: Bearer eyJhbGciOiJIUzI1NiIsInR5cCI6IkpXVCJ9.eyJ1c2VySWQiOiI2OTc4NGI3NWVhODVmZGVmMTQyNWMzYzkiLCJpYXQiOjE3Njk0OTcyMTgsImV4cCI6MTc3MDM2MTIxOH0.HnHIJPT3gD1Kihf5_3TJVdVO2jEmu3Qw4ltavxQZFSg
2026-01-27T07:04:12.856Z - GET /api/books - Auth Header: undefined
2026-01-27T07:04:17.005Z - GET /api/books - Auth Header: undefined
2026-01-27T07:04:17.013Z - GET /api/books - Auth Header: undefined
2026-01-27T07:04:46.044Z - POST /api/orders - Auth Header: Bearer eyJhbGciOiJIUzI1NiIsInR5cCI6IkpXVCJ9.eyJ1c2VySWQiOiI2OTc4NGI3NWVhODVmZGVmMTQyNWMzYzkiLCJpYXQiOjE3Njk0OTcyMTgsImV4cCI6MTc3MDM2MTIxOH0.HnHIJPT3gD1Kihf5_3TJVdVO2jEmu3Qw4ltavxQZFSg
2026-01-27T07:04:49.406Z - POST /api/orders - Auth Header: Bearer eyJhbGciOiJIUzI1NiIsInR5cCI6IkpXVCJ9.eyJ1c2VySWQiOiI2OTc4NGI3NWVhODVmZGVmMTQyNWMzYzkiLCJpYXQiOjE3Njk0OTcyMTgsImV4cCI6MTc3MDM2MTIxOH0.HnHIJPT3gD1Kihf5_3TJVdVO2jEmu3Qw4ltavxQZFSg
2026-01-27T07:05:08.313Z - GET /api/books - Auth Header: undefined
2026-01-27T07:05:08.321Z - GET /api/books - Auth Header: undefined
2026-01-27T07:06:27.636Z - GET /api/books - Auth Header: undefined
2026-01-27T07:06:27.642Z - GET /api/books - Auth Header: undefined
2026-01-27T07:06:33.517Z - GET /api/books - Auth Header: undefined
2026-01-27T07:06:35.719Z - GET /api/books - Auth Header: undefined
2026-01-27T07:06:46.623Z - GET /api/books - Auth Header: undefined
2026-01-27T07:06:46.627Z - GET /api/books - Auth Header: undefined
2026-01-27T07:29:12.012Z - POST /api/auth/login - Auth Header: undefined
2026-01-27T07:29:12.094Z - GET /api/books - Auth Header: undefined
2026-01-27T07:29:12.108Z - GET /api/books - Auth Header: undefined
2026-01-27T07:32:37.459Z - GET /api/books - Auth Header: undefined
2026-01-27T07:32:37.463Z - GET /api/books - Auth Header: undefined
2026-01-27T07:32:54.337Z - GET /api/books - Auth Header: undefined
2026-01-27T07:32:54.342Z - GET /api/books - Auth Header: undefined
2026-01-27T07:33:00.587Z - GET /api/books - Auth Header: undefined
2026-01-27T07:33:02.619Z - GET /api/books - Auth Header: undefined
2026-01-27T12:14:20.047Z - GET /api/books - Auth Header: undefined
2026-01-27T12:14:20.114Z - GET /api/books - Auth Header: undefined
2026-01-27T12:14:29.195Z - POST /api/auth/login - Auth Header: undefined
2026-01-27T12:14:29.273Z - GET /api/books - Auth Header: undefined
2026-01-27T12:14:29.278Z - GET /api/books - Auth Header: undefined
2026-01-27T12:14:30.927Z - GET /api/books - Auth Header: undefined
2026-01-27T12:15:38.872Z - POST /api/books - Auth Header: Bearer eyJhbGciOiJIUzI1NiIsInR5cCI6IkpXVCJ9.eyJ1c2VySWQiOiI2OTc4YWI1ZjI2ODJjZTZlNTQ2OWY1Y2IiLCJpYXQiOjE3Njk1MTYwNjksImV4cCI6MTc3MDM4MDA2OX0.fF0V6JebBH7UZ90nnco_O_e0M_06tuEudXZohiIzKZk
2026-01-27T12:15:41.219Z - GET /api/books - Auth Header: undefined
2026-01-27T12:15:56.651Z - GET /api/books - Auth Header: undefined
2026-01-27T12:15:56.659Z - GET /api/books - Auth Header: undefined
2026-01-27T12:16:05.638Z - GET /api/books - Auth Header: undefined
2026-01-27T12:16:05.641Z - GET /api/books - Auth Header: undefined
2026-01-27T12:16:11.268Z - POST /api/auth/login - Auth Header: undefined
2026-01-27T12:16:36.286Z - GET /api/books - Auth Header: undefined
2026-01-27T12:16:36.291Z - GET /api/books - Auth Header: undefined
2026-01-27T12:18:00.296Z - POST /api/auth/register - Auth Header: undefined
2026-01-27T12:18:07.348Z - GET /api/books - Auth Header: undefined
2026-01-27T12:18:07.352Z - GET /api/books - Auth Header: undefined
2026-01-27T12:18:30.423Z - POST /api/orders - Auth Header: Bearer eyJhbGciOiJIUzI1NiIsInR5cCI6IkpXVCJ9.eyJ1c2VySWQiOiI2OTc4YWNmODFkY2UxYTQ0YjU5Y2YzMmQiLCJpYXQiOjE3Njk1MTYyODAsImV4cCI6MTc3MDM4MDI4MH0.5yDVPUre8wFi4N1m66Ybd6uL_Xu5P9l9enUqTr0wqmw
2026-01-27T12:18:32.258Z - POST /api/orders - Auth Header: Bearer eyJhbGciOiJIUzI1NiIsInR5cCI6IkpXVCJ9.eyJ1c2VySWQiOiI2OTc4YWNmODFkY2UxYTQ0YjU5Y2YzMmQiLCJpYXQiOjE3Njk1MTYyODAsImV4cCI6MTc3MDM4MDI4MH0.5yDVPUre8wFi4N1m66Ybd6uL_Xu5P9l9enUqTr0wqmw
2026-01-27T12:22:43.033Z - GET /api/books - Auth Header: undefined
2026-01-27T12:22:43.052Z - GET /api/books - Auth Header: undefined
2026-01-27T12:25:15.493Z - POST /api/orders - Auth Header: Bearer eyJhbGciOiJIUzI1NiIsInR5cCI6IkpXVCJ9.eyJ1c2VySWQiOiI2OTc4YWNmODFkY2UxYTQ0YjU5Y2YzMmQiLCJpYXQiOjE3Njk1MTYyODAsImV4cCI6MTc3MDM4MDI4MH0.5yDVPUre8wFi4N1m66Ybd6uL_Xu5P9l9enUqTr0wqmw
2026-01-27T12:25:17.405Z - POST /api/orders - Auth Header: Bearer eyJhbGciOiJIUzI1NiIsInR5cCI6IkpXVCJ9.eyJ1c2VySWQiOiI2OTc4YWNmODFkY2UxYTQ0YjU5Y2YzMmQiLCJpYXQiOjE3Njk1MTYyODAsImV4cCI6MTc3MDM4MDI4MH0.5yDVPUre8wFi4N1m66Ybd6uL_Xu5P9l9enUqTr0wqmw
2026-01-27T12:25:22.108Z - GET /api/books - Auth Header: undefined
2026-01-27T12:25:22.117Z - GET /api/books - Auth Header: undefined
2026-01-27T12:27:02.904Z - GET /api/books - Auth Header: undefined
2026-01-27T12:27:02.920Z - GET /api/books - Auth Header: undefined
2026-01-27T12:27:10.517Z - POST /api/auth/login - Auth Header: undefined
2026-01-27T12:27:10.568Z - GET /api/books - Auth Header: undefined
2026-01-27T12:27:10.574Z - GET /api/books - Auth Header: undefined
2026-01-27T12:27:16.013Z - GET /api/books - Auth Header: undefined
2026-01-27T12:27:16.017Z - GET /api/books - Auth Header: undefined
2026-01-27T12:27:30.892Z - POST /api/auth/login - Auth Header: undefined
2026-01-27T12:27:33.378Z - GET /api/books - Auth Header: undefined
2026-01-27T12:27:33.385Z - GET /api/books - Auth Header: undefined
2026-01-27T12:27:36.259Z - GET /api/books - Auth Header: undefined
2026-01-27T12:27:36.268Z - GET /api/books - Auth Header: undefined
2026-01-27T12:27:38.017Z - GET /api/books - Auth Header: undefined
2026-01-27T12:27:38.022Z - GET /api/books - Auth Header: undefined
2026-01-27T12:27:40.014Z - GET /api/books - Auth Header: undefined
2026-01-27T12:27:43.059Z - GET /api/books - Auth Header: undefined
2026-01-27T12:27:43.062Z - GET /api/books - Auth Header: undefined
2026-01-27T12:27:45.443Z - GET /api/books - Auth Header: undefined
2026-01-27T12:27:45.449Z - GET /api/books - Auth Header: undefined
2026-01-27T12:27:48.537Z - GET /api/books - Auth Header: undefined
2026-01-27T12:27:48.544Z - GET /api/books - Auth Header: undefined
2026-01-27T12:28:06.706Z - POST /api/orders - Auth Header: Bearer eyJhbGciOiJIUzI1NiIsInR5cCI6IkpXVCJ9.eyJ1c2VySWQiOiI2OTc4YWNmODFkY2UxYTQ0YjU5Y2YzMmQiLCJpYXQiOjE3Njk1MTY4NTAsImV4cCI6MTc3MDM4MDg1MH0.2aA90ZLkW9UeS-QttqadRr8Y50UyXVUHTIwKqZ4RM5M
2026-01-27T12:28:10.141Z - GET /api/books - Auth Header: undefined
2026-01-27T12:28:10.149Z - GET /api/books - Auth Header: undefined
2026-01-27T12:28:15.342Z - GET /api/books - Auth Header: undefined
2026-01-27T12:28:15.347Z - GET /api/books - Auth Header: undefined
2026-01-27T12:28:24.774Z - POST /api/auth/login - Auth Header: undefined
2026-01-27T12:28:24.812Z - GET /api/books - Auth Header: undefined
2026-01-27T12:28:24.816Z - GET /api/books - Auth Header: undefined
2026-01-27T12:28:30.303Z - GET /api/books - Auth Header: undefined
2026-01-27T12:28:31.558Z - GET /api/books - Auth Header: undefined
2026-01-27T12:28:32.593Z - GET /api/books - Auth Header: undefined
2026-01-27T12:28:41.084Z - GET /api/books - Auth Header: undefined
2026-01-27T12:30:12.969Z - GET /api/books - Auth Header: undefined
2026-01-27T12:30:12.974Z - GET /api/orders/admin/all - Auth Header: Bearer eyJhbGciOiJIUzI1NiIsInR5cCI6IkpXVCJ9.eyJ1c2VySWQiOiI2OTc4YWI1ZjI2ODJjZTZlNTQ2OWY1Y2IiLCJpYXQiOjE3Njk1MTY5MDQsImV4cCI6MTc3MDM4MDkwNH0.81qbKSay87wrzYx74IfZIUwP3PCThXLXYu_oEwOUFVs
2026-01-27T12:32:02.775Z - GET /api/orders/admin/all - Auth Header: Bearer eyJhbGciOiJIUzI1NiIsInR5cCI6IkpXVCJ9.eyJ1c2VySWQiOiI2OTc4YWI1ZjI2ODJjZTZlNTQ2OWY1Y2IiLCJpYXQiOjE3Njk1MTY5MDQsImV4cCI6MTc3MDM4MDkwNH0.81qbKSay87wrzYx74IfZIUwP3PCThXLXYu_oEwOUFVs
2026-01-27T12:32:09.117Z - PUT /api/orders/admin/status/6978af5694cfca8a9d5520f9 - Auth Header: Bearer eyJhbGciOiJIUzI1NiIsInR5cCI6IkpXVCJ9.eyJ1c2VySWQiOiI2OTc4YWI1ZjI2ODJjZTZlNTQ2OWY1Y2IiLCJpYXQiOjE3Njk1MTY5MDQsImV4cCI6MTc3MDM4MDkwNH0.81qbKSay87wrzYx74IfZIUwP3PCThXLXYu_oEwOUFVs
2026-01-27T12:32:24.220Z - GET /api/books - Auth Header: undefined
2026-01-27T12:32:26.760Z - GET /api/books - Auth Header: undefined
2026-01-27T12:32:26.762Z - GET /api/orders/admin/all - Auth Header: Bearer eyJhbGciOiJIUzI1NiIsInR5cCI6IkpXVCJ9.eyJ1c2VySWQiOiI2OTc4YWI1ZjI2ODJjZTZlNTQ2OWY1Y2IiLCJpYXQiOjE3Njk1MTY5MDQsImV4cCI6MTc3MDM4MDkwNH0.81qbKSay87wrzYx74IfZIUwP3PCThXLXYu_oEwOUFVs
2026-01-27T12:32:30.272Z - GET /api/books - Auth Header: undefined
2026-01-27T12:32:30.277Z - GET /api/books - Auth Header: undefined
2026-01-27T12:32:36.974Z - GET /api/books - Auth Header: undefined
2026-01-27T12:32:36.977Z - GET /api/books - Auth Header: undefined
2026-01-27T12:32:39.032Z - GET /api/books - Auth Header: undefined
2026-01-27T12:32:39.035Z - GET /api/books - Auth Header: undefined
2026-01-27T12:32:41.852Z - GET /api/books - Auth Header: undefined
2026-01-27T12:32:41.856Z - GET /api/books - Auth Header: undefined
2026-01-27T12:34:14.904Z - POST /api/auth/login - Auth Header: undefined
2026-01-27T12:34:25.222Z - GET /api/books - Auth Header: undefined
2026-01-27T12:34:25.227Z - GET /api/books - Auth Header: undefined
2026-01-27T12:34:36.583Z - POST /api/auth/login - Auth Header: undefined
2026-01-27T12:34:39.406Z - GET /api/books - Auth Header: undefined
2026-01-27T12:34:39.412Z - GET /api/books - Auth Header: undefined
2026-01-27T12:47:58.611Z - GET /api/books - Auth Header: undefined
2026-01-27T12:47:58.683Z - GET /api/books - Auth Header: undefined
2026-01-27T12:48:06.304Z - GET /api/books - Auth Header: undefined
2026-01-27T12:48:06.366Z - GET /api/books - Auth Header: undefined
2026-01-27T12:48:17.365Z - POST /api/auth/register - Auth Header: undefined
2026-01-27T12:50:13.853Z - POST /api/auth/login - Auth Header: undefined
2026-01-27T12:50:18.907Z - POST /api/auth/login - Auth Header: undefined
2026-01-27T12:50:23.734Z - POST /api/auth/login - Auth Header: undefined
2026-01-27T12:50:34.795Z - POST /api/auth/login - Auth Header: undefined
2026-01-27T12:50:49.794Z - GET /api/books - Auth Header: undefined
2026-01-27T12:50:49.838Z - GET /api/books - Auth Header: undefined
2026-01-27T12:50:54.728Z - POST /api/auth/login - Auth Header: undefined
2026-01-27T12:51:45.095Z - POST /api/auth/login - Auth Header: undefined
2026-01-27T12:51:45.901Z - POST /api/auth/login - Auth Header: undefined
2026-01-27T12:53:38.327Z - GET /api/books - Auth Header: undefined
2026-01-27T12:53:38.381Z - GET /api/books - Auth Header: undefined
2026-01-27T12:53:43.126Z - POST /api/auth/login - Auth Header: undefined
2026-01-27T12:53:43.241Z - GET /api/books - Auth Header: undefined
2026-01-27T12:53:43.247Z - GET /api/orders/admin/all - Auth Header: Bearer eyJhbGciOiJIUzI1NiIsInR5cCI6IkpXVCJ9.eyJ1c2VySWQiOiI2OTc4YjUxOWZhN2Y0ZGZjZTE2MWQwMDgiLCJpYXQiOjE3Njk1MTg0MjMsImV4cCI6MTc3MDM4MjQyM30.csYQfbCcxEyhIAVsjR4E8eA8xKYCyl7MfFauymLP0fs
2026-01-27T12:53:43.304Z - GET /api/books - Auth Header: undefined
2026-01-27T12:53:43.362Z - GET /api/orders/admin/all - Auth Header: Bearer eyJhbGciOiJIUzI1NiIsInR5cCI6IkpXVCJ9.eyJ1c2VySWQiOiI2OTc4YjUxOWZhN2Y0ZGZjZTE2MWQwMDgiLCJpYXQiOjE3Njk1MTg0MjMsImV4cCI6MTc3MDM4MjQyM30.csYQfbCcxEyhIAVsjR4E8eA8xKYCyl7MfFauymLP0fs
2026-01-27T12:53:46.664Z - GET /api/books - Auth Header: undefined
2026-01-27T12:55:17.136Z - POST /api/books - Auth Header: Bearer eyJhbGciOiJIUzI1NiIsInR5cCI6IkpXVCJ9.eyJ1c2VySWQiOiI2OTc4YjUxOWZhN2Y0ZGZjZTE2MWQwMDgiLCJpYXQiOjE3Njk1MTg0MjMsImV4cCI6MTc3MDM4MjQyM30.csYQfbCcxEyhIAVsjR4E8eA8xKYCyl7MfFauymLP0fs
2026-01-27T12:55:19.498Z - GET /api/books - Auth Header: undefined
2026-01-27T12:55:23.161Z - GET /api/books - Auth Header: undefined
2026-01-27T12:55:23.252Z - GET /api/books - Auth Header: undefined
2026-01-28T04:34:24.975Z - GET /api/books - Auth Header: undefined
2026-01-28T04:34:25.040Z - GET /api/books - Auth Header: undefined
2026-01-28T04:34:58.758Z - POST /api/auth/login - Auth Header: undefined
2026-01-28T04:34:58.884Z - GET /api/books - Auth Header: undefined
2026-01-28T04:34:58.938Z - GET /api/orders/admin/all - Auth Header: Bearer eyJhbGciOiJIUzI1NiIsInR5cCI6IkpXVCJ9.eyJ1c2VySWQiOiI2OTc4YjUxOWZhN2Y0ZGZjZTE2MWQwMDgiLCJpYXQiOjE3Njk1NzQ4OTgsImV4cCI6MTc3MDQzODg5OH0.KMQPdbu-7dp-lJVhdRqicPmhEVDitI_4phT-IFgSitE
2026-01-28T04:34:59.004Z - GET /api/books - Auth Header: undefined
2026-01-28T04:34:59.066Z - GET /api/orders/admin/all - Auth Header: Bearer eyJhbGciOiJIUzI1NiIsInR5cCI6IkpXVCJ9.eyJ1c2VySWQiOiI2OTc4YjUxOWZhN2Y0ZGZjZTE2MWQwMDgiLCJpYXQiOjE3Njk1NzQ4OTgsImV4cCI6MTc3MDQzODg5OH0.KMQPdbu-7dp-lJVhdRqicPmhEVDitI_4phT-IFgSitE
2026-01-28T04:35:00.550Z - GET /api/books - Auth Header: undefined
2026-01-28T04:35:55.961Z - GET /api/books - Auth Header: undefined
2026-01-28T04:35:56.024Z - GET /api/books - Auth Header: undefined
2026-01-28T04:35:57.876Z - GET /api/books - Auth Header: undefined
2026-01-28T04:35:57.945Z - GET /api/books - Auth Header: undefined
2026-01-28T04:35:58.858Z - GET /api/books - Auth Header: undefined
2026-01-28T04:35:58.923Z - GET /api/books - Auth Header: undefined
2026-01-28T04:35:59.891Z - GET /api/books - Auth Header: undefined
2026-01-28T04:35:59.977Z - GET /api/books - Auth Header: undefined
2026-01-28T04:36:02.780Z - GET /api/books - Auth Header: undefined
2026-01-28T04:36:02.841Z - GET /api/books - Auth Header: undefined
2026-01-28T04:36:07.846Z - GET /api/books - Auth Header: undefined
2026-01-28T04:36:07.916Z - GET /api/books - Auth Header: undefined
2026-01-28T05:13:01.422Z - GET /api/books - Auth Header: undefined
2026-01-28T05:13:01.507Z - GET /api/books - Auth Header: undefined
2026-01-28T05:13:17.684Z - POST /api/orders - Auth Header: Bearer eyJhbGciOiJIUzI1NiIsInR5cCI6IkpXVCJ9.eyJ1c2VySWQiOiI2OTc4YjUxOWZhN2Y0ZGZjZTE2MWQwMDgiLCJpYXQiOjE3Njk1NzQ4OTgsImV4cCI6MTc3MDQzODg5OH0.KMQPdbu-7dp-lJVhdRqicPmhEVDitI_4phT-IFgSitE
2026-01-28T05:13:32.130Z - GET /api/books - Auth Header: undefined
2026-01-28T05:13:32.210Z - GET /api/books - Auth Header: undefined
2026-01-28T05:14:53.105Z - POST /api/orders - Auth Header: Bearer eyJhbGciOiJIUzI1NiIsInR5cCI6IkpXVCJ9.eyJ1c2VySWQiOiI2OTc4YjUxOWZhN2Y0ZGZjZTE2MWQwMDgiLCJpYXQiOjE3Njk1NzQ4OTgsImV4cCI6MTc3MDQzODg5OH0.KMQPdbu-7dp-lJVhdRqicPmhEVDitI_4phT-IFgSitE
2026-01-28T05:15:00.783Z - POST /api/auth/login - Auth Header: undefined
2026-01-28T05:15:00.891Z - GET /api/books - Auth Header: undefined
2026-01-28T05:15:00.954Z - GET /api/books - Auth Header: undefined
2026-01-28T05:15:01.010Z - GET /api/orders/admin/all - Auth Header: Bearer eyJhbGciOiJIUzI1NiIsInR5cCI6IkpXVCJ9.eyJ1c2VySWQiOiI2OTc4YjUxOWZhN2Y0ZGZjZTE2MWQwMDgiLCJpYXQiOjE3Njk1NzczMDAsImV4cCI6MTc3MDQ0MTMwMH0.If42VsdC2FnbCethuMsYAVU0JnP5weMoqxtd3eIr7OM
2026-01-28T05:15:01.205Z - GET /api/orders/admin/all - Auth Header: Bearer eyJhbGciOiJIUzI1NiIsInR5cCI6IkpXVCJ9.eyJ1c2VySWQiOiI2OTc4YjUxOWZhN2Y0ZGZjZTE2MWQwMDgiLCJpYXQiOjE3Njk1NzczMDAsImV4cCI6MTc3MDQ0MTMwMH0.If42VsdC2FnbCethuMsYAVU0JnP5weMoqxtd3eIr7OM
2026-01-28T05:15:04.805Z - GET /api/orders/admin/all - Auth Header: Bearer eyJhbGciOiJIUzI1NiIsInR5cCI6IkpXVCJ9.eyJ1c2VySWQiOiI2OTc4YjUxOWZhN2Y0ZGZjZTE2MWQwMDgiLCJpYXQiOjE3Njk1NzczMDAsImV4cCI6MTc3MDQ0MTMwMH0.If42VsdC2FnbCethuMsYAVU0JnP5weMoqxtd3eIr7OM
2026-01-28T05:15:12.993Z - GET /api/books - Auth Header: undefined
2026-01-28T05:15:21.399Z - GET /api/books - Auth Header: undefined
2026-01-28T05:15:21.456Z - GET /api/books - Auth Header: undefined
2026-01-28T05:15:30.416Z - POST /api/auth/login - Auth Header: undefined
2026-01-28T05:15:39.371Z - GET /api/books - Auth Header: undefined
2026-01-28T05:15:39.451Z - GET /api/books - Auth Header: undefined
2026-01-29T04:50:18.069Z - GET /api/books - Auth Header: undefined
2026-01-29T04:50:18.180Z - GET /api/books - Auth Header: undefined
2026-01-29T04:50:28.493Z - GET /api/books - Auth Header: undefined
2026-01-29T04:50:28.634Z - GET /api/books - Auth Header: undefined
2026-01-29T04:51:58.728Z - POST /api/auth/login - Auth Header: undefined
2026-01-29T04:51:59.169Z - GET /api/books - Auth Header: undefined
2026-01-29T04:51:59.173Z - GET /api/orders/admin/all - Auth Header: Bearer eyJhbGciOiJIUzI1NiIsInR5cCI6IkpXVCJ9.eyJ1c2VySWQiOiI2OTc4YjUxOWZhN2Y0ZGZjZTE2MWQwMDgiLCJpYXQiOjE3Njk2NjIzMTksImV4cCI6MTc3MDUyNjMxOX0.yNc5_rjr76E-XdTdSXAZTNFd1aaxV3O6jJ35sUJ-sf0
2026-01-29T04:51:59.411Z - GET /api/books - Auth Header: undefined
2026-01-29T04:51:59.836Z - GET /api/orders/admin/all - Auth Header: Bearer eyJhbGciOiJIUzI1NiIsInR5cCI6IkpXVCJ9.eyJ1c2VySWQiOiI2OTc4YjUxOWZhN2Y0ZGZjZTE2MWQwMDgiLCJpYXQiOjE3Njk2NjIzMTksImV4cCI6MTc3MDUyNjMxOX0.yNc5_rjr76E-XdTdSXAZTNFd1aaxV3O6jJ35sUJ-sf0
2026-01-29T04:52:02.049Z - GET /api/orders/admin/all - Auth Header: Bearer eyJhbGciOiJIUzI1NiIsInR5cCI6IkpXVCJ9.eyJ1c2VySWQiOiI2OTc4YjUxOWZhN2Y0ZGZjZTE2MWQwMDgiLCJpYXQiOjE3Njk2NjIzMTksImV4cCI6MTc3MDUyNjMxOX0.yNc5_rjr76E-XdTdSXAZTNFd1aaxV3O6jJ35sUJ-sf0
2026-01-29T04:53:00.024Z - GET /api/books - Auth Header: undefined
2026-01-29T04:53:01.255Z - GET /api/books - Auth Header: undefined
2026-01-29T04:53:01.257Z - GET /api/orders/admin/all - Auth Header: Bearer eyJhbGciOiJIUzI1NiIsInR5cCI6IkpXVCJ9.eyJ1c2VySWQiOiI2OTc4YjUxOWZhN2Y0ZGZjZTE2MWQwMDgiLCJpYXQiOjE3Njk2NjIzMTksImV4cCI6MTc3MDUyNjMxOX0.yNc5_rjr76E-XdTdSXAZTNFd1aaxV3O6jJ35sUJ-sf0
2026-01-29T04:53:03.328Z - GET /api/books - Auth Header: undefined
2026-01-29T04:53:03.383Z - GET /api/books - Auth Header: undefined
2026-01-29T05:20:16.833Z - GET /api/books - Auth Header: undefined
2026-01-29T05:20:26.883Z - GET /api/books - Auth Header: undefined
2026-01-29T05:20:33.475Z - GET /api/books - Auth Header: undefined
2026-01-29T05:20:43.488Z - GET /api/books - Auth Header: undefined
2026-01-29T05:21:06.794Z - GET /api/books - Auth Header: undefined
2026-01-29T05:21:16.815Z - GET /api/books - Auth Header: undefined
2026-01-29T05:22:34.554Z - GET /api/books - Auth Header: undefined
2026-01-29T05:22:44.586Z - GET /api/books - Auth Header: undefined
2026-01-29T05:22:52.937Z - GET /api/books - Auth Header: undefined
2026-01-29T05:23:07.275Z - GET /api/books - Auth Header: undefined
2026-01-29T05:23:17.294Z - GET /api/books - Auth Header: undefined
2026-01-29T05:23:27.302Z - GET /api/books - Auth Header: undefined
2026-01-29T05:23:37.320Z - GET /api/books - Auth Header: undefined
2026-01-29T05:29:13.027Z - GET /api/books - Auth Header: undefined
2026-01-29T05:29:13.205Z - GET /api/books - Auth Header: undefined
